2022-10-10 03:36:50,776 INFO o.a.j.u.JMeterUtils: Setting Locale to en_EN
2022-10-10 03:36:50,793 INFO o.a.j.JMeter: Loading user properties from: user.properties
2022-10-10 03:36:50,794 INFO o.a.j.JMeter: Loading system properties from: system.properties
2022-10-10 03:36:50,798 INFO o.a.j.JMeter: Copyright (c) 1998-2022 The Apache Software Foundation
2022-10-10 03:36:50,798 INFO o.a.j.JMeter: Version 5.5
2022-10-10 03:36:50,798 INFO o.a.j.JMeter: java.version=11.0.16.1
2022-10-10 03:36:50,799 INFO o.a.j.JMeter: java.vm.name=Java HotSpot(TM) 64-Bit Server VM
2022-10-10 03:36:50,799 INFO o.a.j.JMeter: os.name=Windows 10
2022-10-10 03:36:50,799 INFO o.a.j.JMeter: os.arch=amd64
2022-10-10 03:36:50,799 INFO o.a.j.JMeter: os.version=10.0
2022-10-10 03:36:50,799 INFO o.a.j.JMeter: file.encoding=MS949
2022-10-10 03:36:50,799 INFO o.a.j.JMeter: java.awt.headless=null
2022-10-10 03:36:50,799 INFO o.a.j.JMeter: Max memory     =1073741824
2022-10-10 03:36:50,799 INFO o.a.j.JMeter: Available Processors =16
2022-10-10 03:36:50,808 INFO o.a.j.JMeter: Default Locale=English (EN)
2022-10-10 03:36:50,808 INFO o.a.j.JMeter: JMeter  Locale=English (EN)
2022-10-10 03:36:50,808 INFO o.a.j.JMeter: JMeterHome=C:\Users\khs\code\hwans21\JmeterTest\apache-jmeter-5.5
2022-10-10 03:36:50,808 INFO o.a.j.JMeter: user.dir  =C:\Users\khs\code\hwans21\JmeterTest\apache-jmeter-5.5\bin
2022-10-10 03:36:50,808 INFO o.a.j.JMeter: PWD       =C:\Users\khs\code\hwans21\JmeterTest\apache-jmeter-5.5\bin
2022-10-10 03:36:50,809 INFO o.a.j.JMeter: IP: 172.17.176.1 Name: DESKTOP-ADPLN6T FullName: DESKTOP-ADPLN6T.mshome.net
2022-10-10 03:36:50,820 INFO o.a.j.JMeter: Loaded icon properties from org/apache/jmeter/images/icon.properties
2022-10-10 03:36:50,968 INFO o.a.j.JMeterGuiLauncher: Setting LAF to: com.github.weisj.darklaf.DarkLaf:com.github.weisj.darklaf.theme.DarculaTheme
2022-10-10 03:36:58,119 INFO o.a.j.s.FileServer: Default base='C:\Users\khs\code\hwans21\JmeterTest\apache-jmeter-5.5\bin'
2022-10-10 03:36:58,121 INFO o.a.j.g.a.Load: Loading file: C:\Users\khs\code\hwans21\JmeterTest\configjmx\Thread Group.jmx
2022-10-10 03:36:58,121 INFO o.a.j.s.FileServer: Set new base='C:\Users\khs\code\hwans21\JmeterTest\configjmx'
2022-10-10 03:36:58,223 INFO o.a.j.s.SaveService: Testplan (JMX) version: 2.2. Testlog (JTL) version: 2.2
2022-10-10 03:36:58,235 INFO o.a.j.s.SaveService: Using SaveService properties version 5.0
2022-10-10 03:36:58,236 INFO o.a.j.s.SaveService: Using SaveService properties file encoding UTF-8
2022-10-10 03:36:58,237 INFO o.a.j.s.SaveService: Loading file: C:\Users\khs\code\hwans21\JmeterTest\configjmx\Thread Group.jmx
2022-10-10 03:36:58,256 INFO o.a.j.p.h.s.HTTPSamplerBase: Parser for text/html is org.apache.jmeter.protocol.http.parser.LagartoBasedHtmlParser
2022-10-10 03:36:58,256 INFO o.a.j.p.h.s.HTTPSamplerBase: Parser for application/xhtml+xml is org.apache.jmeter.protocol.http.parser.LagartoBasedHtmlParser
2022-10-10 03:36:58,256 INFO o.a.j.p.h.s.HTTPSamplerBase: Parser for application/xml is org.apache.jmeter.protocol.http.parser.LagartoBasedHtmlParser
2022-10-10 03:36:58,256 INFO o.a.j.p.h.s.HTTPSamplerBase: Parser for text/xml is org.apache.jmeter.protocol.http.parser.LagartoBasedHtmlParser
2022-10-10 03:36:58,256 INFO o.a.j.p.h.s.HTTPSamplerBase: Parser for text/vnd.wap.wml is org.apache.jmeter.protocol.http.parser.RegexpHTMLParser
2022-10-10 03:36:58,256 INFO o.a.j.p.h.s.HTTPSamplerBase: Parser for text/css is org.apache.jmeter.protocol.http.parser.CssParser
2022-10-10 03:36:58,348 INFO o.a.j.s.SampleResult: Note: Sample TimeStamps are START times
2022-10-10 03:36:58,349 INFO o.a.j.s.SampleResult: sampleresult.default.encoding is set to ISO-8859-1
2022-10-10 03:36:58,349 INFO o.a.j.s.SampleResult: sampleresult.useNanoTime=true
2022-10-10 03:36:58,349 INFO o.a.j.s.SampleResult: sampleresult.nanoThreadSleep=5000
2022-10-10 03:36:58,455 INFO o.a.j.v.ViewResultsFullVisualizer: Add JavaFX to your Java installation if you want to use renderer: org.apache.jmeter.visualizers.RenderInBrowser
2022-10-10 03:36:58,521 INFO o.a.j.s.FileServer: Set new base='C:\Users\khs\code\hwans21\JmeterTest\configjmx'
2022-10-10 03:37:01,376 INFO o.a.j.e.StandardJMeterEngine: Running the test!
2022-10-10 03:37:01,376 INFO o.a.j.s.SampleEvent: List of sample_variables: []
2022-10-10 03:37:01,377 INFO o.a.j.s.SampleEvent: List of sample_variables: []
2022-10-10 03:37:01,378 INFO o.a.j.e.u.CompoundVariable: Note: Function class names must contain the string: '.functions.'
2022-10-10 03:37:01,378 INFO o.a.j.e.u.CompoundVariable: Note: Function class names must not contain the string: '.gui.'
2022-10-10 03:37:01,611 INFO o.a.j.g.u.JMeterMenuBar: setRunning(true, *local*)
2022-10-10 03:37:01,642 INFO o.a.j.e.StandardJMeterEngine: Starting ThreadGroup: 1 : Thread Group
2022-10-10 03:37:01,642 INFO o.a.j.e.StandardJMeterEngine: Starting 1 threads for group Thread Group.
2022-10-10 03:37:01,642 INFO o.a.j.e.StandardJMeterEngine: Thread will continue on error
2022-10-10 03:37:01,642 INFO o.a.j.t.ThreadGroup: Starting thread group... number=1 threads=1 ramp-up=1 delayedStart=false
2022-10-10 03:37:01,645 INFO o.a.j.t.ThreadGroup: Started thread group number 1
2022-10-10 03:37:01,645 INFO o.a.j.e.StandardJMeterEngine: All thread groups have been started
2022-10-10 03:37:01,646 INFO o.a.j.t.JMeterThread: Thread started: Thread Group 1-1
2022-10-10 03:37:01,663 INFO o.a.j.p.h.s.HTTPHCAbstractImpl: Local host = DESKTOP-ADPLN6T
2022-10-10 03:37:01,673 INFO o.a.j.p.h.s.HTTPHC4Impl: HTTP request retry count = 0
2022-10-10 03:37:01,771 INFO o.a.j.t.JMeterThread: Thread is done: Thread Group 1-1
2022-10-10 03:37:01,772 INFO o.a.j.t.JMeterThread: Thread finished: Thread Group 1-1
2022-10-10 03:37:01,773 INFO o.a.j.e.StandardJMeterEngine: Notifying test listeners of end of test
2022-10-10 03:37:01,773 INFO o.a.j.g.u.JMeterMenuBar: setRunning(false, *local*)
2022-10-10 03:37:12,429 INFO o.a.j.e.DistributedRunner: Configuring remote engine: 127.0.0.1:10990
2022-10-10 03:37:12,430 INFO o.a.j.r.RmiUtils: Disabling SSL for RMI as server.rmi.ssl.disable is set to 'true'
2022-10-10 03:37:12,557 ERROR o.a.j.e.DistributedRunner: Failed to create engine at 127.0.0.1:10990
java.rmi.ConnectIOException: error during JRMP connection establishment; nested exception is: 
	java.io.EOFException
	at sun.rmi.transport.tcp.TCPChannel.createConnection(TCPChannel.java:300) ~[?:?]
	at sun.rmi.transport.tcp.TCPChannel.newConnection(TCPChannel.java:196) ~[?:?]
	at sun.rmi.server.UnicastRef.newCall(UnicastRef.java:343) ~[?:?]
	at sun.rmi.registry.RegistryImpl_Stub.lookup(RegistryImpl_Stub.java:116) ~[?:?]
	at org.apache.jmeter.engine.ClientJMeterEngine.getEngine(ClientJMeterEngine.java:72) ~[ApacheJMeter_core.jar:5.5]
	at org.apache.jmeter.engine.ClientJMeterEngine.<init>(ClientJMeterEngine.java:85) ~[ApacheJMeter_core.jar:5.5]
	at org.apache.jmeter.engine.DistributedRunner.createEngine(DistributedRunner.java:255) ~[ApacheJMeter_core.jar:5.5]
	at org.apache.jmeter.engine.DistributedRunner.getClientEngine(DistributedRunner.java:232) ~[ApacheJMeter_core.jar:5.5]
	at org.apache.jmeter.engine.DistributedRunner.init(DistributedRunner.java:96) ~[ApacheJMeter_core.jar:5.5]
	at org.apache.jmeter.gui.action.RemoteStart.doAction(RemoteStart.java:79) ~[ApacheJMeter_core.jar:5.5]
	at org.apache.jmeter.gui.action.ActionRouter.performAction(ActionRouter.java:87) ~[ApacheJMeter_core.jar:5.5]
	at org.apache.jmeter.gui.action.ActionRouter.lambda$actionPerformed$0(ActionRouter.java:69) ~[ApacheJMeter_core.jar:5.5]
	at java.awt.event.InvocationEvent.dispatch(InvocationEvent.java:313) ~[?:?]
	at java.awt.EventQueue.dispatchEventImpl(EventQueue.java:770) ~[?:?]
	at java.awt.EventQueue$4.run(EventQueue.java:721) ~[?:?]
	at java.awt.EventQueue$4.run(EventQueue.java:715) ~[?:?]
	at java.security.AccessController.doPrivileged(Native Method) ~[?:?]
	at java.security.ProtectionDomain$JavaSecurityAccessImpl.doIntersectionPrivilege(ProtectionDomain.java:85) ~[?:?]
	at java.awt.EventQueue.dispatchEvent(EventQueue.java:740) ~[?:?]
	at java.awt.EventDispatchThread.pumpOneEventForFilters(EventDispatchThread.java:203) ~[?:?]
	at java.awt.EventDispatchThread.pumpEventsForFilter(EventDispatchThread.java:124) ~[?:?]
	at java.awt.EventDispatchThread.pumpEventsForHierarchy(EventDispatchThread.java:113) ~[?:?]
	at java.awt.EventDispatchThread.pumpEvents(EventDispatchThread.java:109) ~[?:?]
	at java.awt.EventDispatchThread.pumpEvents(EventDispatchThread.java:101) ~[?:?]
	at java.awt.EventDispatchThread.run(EventDispatchThread.java:90) ~[?:?]
Caused by: java.io.EOFException
	at java.io.DataInputStream.readByte(DataInputStream.java:272) ~[?:?]
	at sun.rmi.transport.tcp.TCPChannel.createConnection(TCPChannel.java:239) ~[?:?]
	... 24 more
2022-10-10 03:37:12,563 ERROR o.a.j.u.JMeterUtils: error during JRMP connection establishment; nested exception is: 
	java.io.EOFException
2022-10-10 03:37:12,563 INFO o.a.j.e.DistributedRunner: Failed to configure 127.0.0.1:10990
2022-10-10 03:37:12,564 INFO o.a.j.e.DistributedRunner: Stopping remote engines
2022-10-10 03:37:12,564 INFO o.a.j.e.DistributedRunner: Remote engines have been stopped
2022-10-10 03:37:12,564 ERROR o.a.j.g.a.ActionRouter: Error processing org.apache.jmeter.gui.action.RemoteStart@2f2ea92e
java.lang.RuntimeException: Following remote engines could not be configured:[127.0.0.1:10990]
	at org.apache.jmeter.engine.DistributedRunner.init(DistributedRunner.java:115) ~[ApacheJMeter_core.jar:5.5]
	at org.apache.jmeter.gui.action.RemoteStart.doAction(RemoteStart.java:79) ~[ApacheJMeter_core.jar:5.5]
	at org.apache.jmeter.gui.action.ActionRouter.performAction(ActionRouter.java:87) ~[ApacheJMeter_core.jar:5.5]
	at org.apache.jmeter.gui.action.ActionRouter.lambda$actionPerformed$0(ActionRouter.java:69) ~[ApacheJMeter_core.jar:5.5]
	at java.awt.event.InvocationEvent.dispatch(InvocationEvent.java:313) ~[?:?]
	at java.awt.EventQueue.dispatchEventImpl(EventQueue.java:770) ~[?:?]
	at java.awt.EventQueue$4.run(EventQueue.java:721) ~[?:?]
	at java.awt.EventQueue$4.run(EventQueue.java:715) ~[?:?]
	at java.security.AccessController.doPrivileged(Native Method) ~[?:?]
	at java.security.ProtectionDomain$JavaSecurityAccessImpl.doIntersectionPrivilege(ProtectionDomain.java:85) ~[?:?]
	at java.awt.EventQueue.dispatchEvent(EventQueue.java:740) ~[?:?]
	at java.awt.EventDispatchThread.pumpOneEventForFilters(EventDispatchThread.java:203) ~[?:?]
	at java.awt.EventDispatchThread.pumpEventsForFilter(EventDispatchThread.java:124) ~[?:?]
	at java.awt.EventDispatchThread.pumpEventsForHierarchy(EventDispatchThread.java:113) ~[?:?]
	at java.awt.EventDispatchThread.pumpEvents(EventDispatchThread.java:109) ~[?:?]
	at java.awt.EventDispatchThread.pumpEvents(EventDispatchThread.java:101) ~[?:?]
	at java.awt.EventDispatchThread.run(EventDispatchThread.java:90) ~[?:?]
2022-10-10 03:42:29,026 INFO o.a.j.e.DistributedRunner: Configuring remote engine: 127.0.0.1:10990
2022-10-10 03:42:29,026 INFO o.a.j.r.RmiUtils: Disabling SSL for RMI as server.rmi.ssl.disable is set to 'true'
2022-10-10 03:42:50,105 INFO o.a.j.e.DistributedRunner: Starting distributed test with remote engines: [127.0.0.1:10990] @ 2022 Oct 10 03:42:50 KST (1665340970098)
2022-10-10 03:42:50,105 INFO o.a.j.e.ClientJMeterEngine: running clientengine run method
2022-10-10 03:42:50,105 INFO o.a.j.r.RmiUtils: Disabling SSL for RMI as server.rmi.ssl.disable is set to 'true'
2022-10-10 03:42:50,105 INFO o.a.j.r.RmiUtils: Disabling SSL for RMI as server.rmi.ssl.disable is set to 'true'
2022-10-10 03:42:50,111 INFO o.a.j.r.RmiUtils: Disabling SSL for RMI as server.rmi.ssl.disable is set to 'true'
2022-10-10 03:42:50,111 INFO o.a.j.r.RmiUtils: Disabling SSL for RMI as server.rmi.ssl.disable is set to 'true'
2022-10-10 03:42:50,116 INFO o.a.j.r.RmiUtils: Disabling SSL for RMI as server.rmi.ssl.disable is set to 'true'
2022-10-10 03:42:50,116 INFO o.a.j.r.RmiUtils: Disabling SSL for RMI as server.rmi.ssl.disable is set to 'true'
2022-10-10 03:42:50,117 INFO o.a.j.s.BatchSampleSender: Using batching (client settings) for this run. Thresholds: num=100, time=60000
2022-10-10 03:42:50,117 INFO o.a.j.s.DataStrippingSampleSender: Using DataStrippingSampleSender for this run
2022-10-10 03:42:50,117 INFO o.a.j.r.RmiUtils: Disabling SSL for RMI as server.rmi.ssl.disable is set to 'true'
2022-10-10 03:42:50,117 INFO o.a.j.r.RmiUtils: Disabling SSL for RMI as server.rmi.ssl.disable is set to 'true'
2022-10-10 03:42:50,118 INFO o.a.j.s.BatchSampleSender: Using batching (client settings) for this run. Thresholds: num=100, time=60000
2022-10-10 03:42:50,118 INFO o.a.j.s.DataStrippingSampleSender: Using DataStrippingSampleSender for this run
2022-10-10 03:43:11,151 ERROR o.a.j.e.ClientJMeterEngine: Error in rconfigure() method
java.rmi.ConnectException: Connection refused to host: 172.19.0.2; nested exception is: 
	java.net.ConnectException: Connection timed out: connect
	at sun.rmi.transport.tcp.TCPEndpoint.newSocket(TCPEndpoint.java:623) ~[?:?]
	at sun.rmi.transport.tcp.TCPChannel.createConnection(TCPChannel.java:209) ~[?:?]
	at sun.rmi.transport.tcp.TCPChannel.newConnection(TCPChannel.java:196) ~[?:?]
	at sun.rmi.server.UnicastRef.invoke(UnicastRef.java:132) ~[?:?]
	at java.rmi.server.RemoteObjectInvocationHandler.invokeRemoteMethod(RemoteObjectInvocationHandler.java:217) ~[?:?]
	at java.rmi.server.RemoteObjectInvocationHandler.invoke(RemoteObjectInvocationHandler.java:162) ~[?:?]
	at com.sun.proxy.$Proxy27.rconfigure(Unknown Source) ~[?:?]
	at org.apache.jmeter.engine.ClientJMeterEngine.runTest(ClientJMeterEngine.java:153) ~[ApacheJMeter_core.jar:5.5]
	at org.apache.jmeter.engine.DistributedRunner.start(DistributedRunner.java:146) ~[ApacheJMeter_core.jar:5.5]
	at org.apache.jmeter.gui.action.RemoteStart.doAction(RemoteStart.java:80) ~[ApacheJMeter_core.jar:5.5]
	at org.apache.jmeter.gui.action.ActionRouter.performAction(ActionRouter.java:87) ~[ApacheJMeter_core.jar:5.5]
	at org.apache.jmeter.gui.action.ActionRouter.lambda$actionPerformed$0(ActionRouter.java:69) ~[ApacheJMeter_core.jar:5.5]
	at java.awt.event.InvocationEvent.dispatch(InvocationEvent.java:313) ~[?:?]
	at java.awt.EventQueue.dispatchEventImpl(EventQueue.java:770) ~[?:?]
	at java.awt.EventQueue$4.run(EventQueue.java:721) ~[?:?]
	at java.awt.EventQueue$4.run(EventQueue.java:715) ~[?:?]
	at java.security.AccessController.doPrivileged(Native Method) ~[?:?]
	at java.security.ProtectionDomain$JavaSecurityAccessImpl.doIntersectionPrivilege(ProtectionDomain.java:85) ~[?:?]
	at java.awt.EventQueue.dispatchEvent(EventQueue.java:740) ~[?:?]
	at java.awt.EventDispatchThread.pumpOneEventForFilters(EventDispatchThread.java:203) ~[?:?]
	at java.awt.EventDispatchThread.pumpEventsForFilter(EventDispatchThread.java:124) ~[?:?]
	at java.awt.EventDispatchThread.pumpEventsForHierarchy(EventDispatchThread.java:113) ~[?:?]
	at java.awt.EventDispatchThread.pumpEvents(EventDispatchThread.java:109) ~[?:?]
	at java.awt.EventDispatchThread.pumpEvents(EventDispatchThread.java:101) ~[?:?]
	at java.awt.EventDispatchThread.run(EventDispatchThread.java:90) ~[?:?]
Caused by: java.net.ConnectException: Connection timed out: connect
	at java.net.PlainSocketImpl.connect0(Native Method) ~[?:?]
	at java.net.PlainSocketImpl.socketConnect(PlainSocketImpl.java:101) ~[?:?]
	at java.net.AbstractPlainSocketImpl.doConnect(AbstractPlainSocketImpl.java:412) ~[?:?]
	at java.net.AbstractPlainSocketImpl.connectToAddress(AbstractPlainSocketImpl.java:255) ~[?:?]
	at java.net.AbstractPlainSocketImpl.connect(AbstractPlainSocketImpl.java:237) ~[?:?]
	at java.net.SocksSocketImpl.connect(SocksSocketImpl.java:392) ~[?:?]
	at java.net.Socket.connect(Socket.java:608) ~[?:?]
	at java.net.Socket.connect(Socket.java:557) ~[?:?]
	at java.net.Socket.<init>(Socket.java:453) ~[?:?]
	at java.net.Socket.<init>(Socket.java:230) ~[?:?]
	at sun.rmi.transport.tcp.TCPDirectSocketFactory.createSocket(TCPDirectSocketFactory.java:40) ~[?:?]
	at sun.rmi.transport.tcp.TCPEndpoint.newSocket(TCPEndpoint.java:617) ~[?:?]
	... 24 more
2022-10-10 03:43:11,153 INFO o.a.j.e.ClientJMeterEngine: Interrupting RMI Reaper
2022-10-10 03:43:11,153 ERROR o.a.j.u.JMeterUtils: Error in rconfigure() method java.rmi.ConnectException: Connection refused to host: 172.19.0.2; nested exception is: 
	java.net.ConnectException: Connection timed out: connect
2022-10-10 03:43:11,153 INFO o.a.j.e.DistributedRunner: Remote engines have been started:[]
2022-10-10 03:43:11,153 ERROR o.a.j.e.DistributedRunner: The following remote engines have not started:[127.0.0.1:10990]
